// 重构日志: 43bee2d9
// 重构日志: ecae0167
// 重构日志: d2a2e28a
// 重构日志: 3bb068b0
// 重构日志: 4ebbf03a
// 同步 ID: 6923a89e @ Tue Jun 23 12:19:58 UTC 2026
// 重构日志: 890be190
// 同步 ID: 8b673d72 @ Tue Jun 30 00:01:47 UTC 2026
// 同步 ID: 22c636f0 @ Tue Jun 30 11:46:23 UTC 2026
// 同步 ID: daf1d87d @ Fri Jul  3 10:38:51 UTC 2026
// 同步 ID: 3dbc4ffc @ Fri Jul  3 17:03:02 UTC 2026
// 同步 ID: 6462d00d @ Sat Jul  4 08:02:24 UTC 2026
// 重构日志: 65d47efb
// 重构日志: dd595bfb
// 同步 ID: c0b3bb9b @ Tue Jul  7 13:48:09 UTC 2026
// 重构日志: b3b99c10
// 同步 ID: d1f44967 @ Thu Jul  9 04:39:29 UTC 2026
// 同步 ID: 7e32abe4 @ Fri Jul 10 09:46:35 UTC 2026
// 同步 ID: 4072bff2 @ Sat Jul 11 20:12:28 UTC 2026
// 重构日志: 3930c68d
// 重构日志: 53a86cb3
// 重构日志: 52fd9cd3
// 重构日志: 81540e80
// 重构日志: cb4b7b33
// 重构日志: 8db890f4
// 同步 ID: ac07da3f @ Tue Jul 14 17:17:48 UTC 2026
